<?xml version="1.0" encoding="UTF-8"?>
<testsuite xmlns:xsi="http://www.w3.org/2001/XMLSchema-instance" xsi:noNamespaceSchemaLocation="https://maven.apache.org/surefire/maven-surefire-plugin/xsd/surefire-test-report.xsd" name="APICourierTests" time="7.754" tests="7" errors="0" skipped="0" failures="6">
  <properties>
    <property name="sun.desktop" value="windows"/>
    <property name="awt.toolkit" value="sun.awt.windows.WToolkit"/>
    <property name="java.specification.version" value="11"/>
    <property name="sun.cpu.isalist" value="amd64"/>
    <property name="sun.jnu.encoding" value="Cp1251"/>
    <property name="java.class.path" value="D:\Coding\Sprint_3\target\test-classes;D:\Coding\Sprint_3\target\classes;C:\Users\noval\.m2\repository\io\rest-assured\rest-assured\4.5.0\rest-assured-4.5.0.jar;C:\Users\noval\.m2\repository\org\codehaus\groovy\groovy\3.0.9\groovy-3.0.9.jar;C:\Users\noval\.m2\repository\org\codehaus\groovy\groovy-xml\3.0.9\groovy-xml-3.0.9.jar;C:\Users\noval\.m2\repository\org\apache\httpcomponents\httpclient\4.5.13\httpclient-4.5.13.jar;C:\Users\noval\.m2\repository\org\apache\httpcomponents\httpcore\4.4.13\httpcore-4.4.13.jar;C:\Users\noval\.m2\repository\commons-logging\commons-logging\1.2\commons-logging-1.2.jar;C:\Users\noval\.m2\repository\commons-codec\commons-codec\1.11\commons-codec-1.11.jar;C:\Users\noval\.m2\repository\org\apache\httpcomponents\httpmime\4.5.13\httpmime-4.5.13.jar;C:\Users\noval\.m2\repository\org\hamcrest\hamcrest\2.1\hamcrest-2.1.jar;C:\Users\noval\.m2\repository\org\ccil\cowan\tagsoup\tagsoup\1.2.1\tagsoup-1.2.1.jar;C:\Users\noval\.m2\repository\io\rest-assured\json-path\4.5.0\json-path-4.5.0.jar;C:\Users\noval\.m2\repository\org\codehaus\groovy\groovy-json\3.0.9\groovy-json-3.0.9.jar;C:\Users\noval\.m2\repository\io\rest-assured\rest-assured-common\4.5.0\rest-assured-common-4.5.0.jar;C:\Users\noval\.m2\repository\io\rest-assured\xml-path\4.5.0\xml-path-4.5.0.jar;C:\Users\noval\.m2\repository\org\apache\commons\commons-lang3\3.11\commons-lang3-3.11.jar;C:\Users\noval\.m2\repository\junit\junit\4.13.2\junit-4.13.2.jar;C:\Users\noval\.m2\repository\org\hamcrest\hamcrest-core\1.3\hamcrest-core-1.3.jar;C:\Users\noval\.m2\repository\com\google\code\gson\gson\2.9.0\gson-2.9.0.jar;C:\Users\noval\.m2\repository\io\qameta\allure\allure-junit4\2.17.3\allure-junit4-2.17.3.jar;C:\Users\noval\.m2\repository\io\qameta\allure\allure-java-commons\2.17.3\allure-java-commons-2.17.3.jar;C:\Users\noval\.m2\repository\org\slf4j\slf4j-api\1.7.30\slf4j-api-1.7.30.jar;C:\Users\noval\.m2\repository\io\qameta\allure\allure-model\2.17.3\allure-model-2.17.3.jar;"/>
    <property name="java.vm.vendor" value="Amazon.com Inc."/>
    <property name="sun.arch.data.model" value="64"/>
    <property name="user.variant" value=""/>
    <property name="java.vendor.url" value="https://aws.amazon.com/corretto/"/>
    <property name="user.timezone" value="Europe/Moscow"/>
    <property name="java.vm.specification.version" value="11"/>
    <property name="os.name" value="Windows 10"/>
    <property name="sun.java.launcher" value="SUN_STANDARD"/>
    <property name="user.country" value="RU"/>
    <property name="sun.boot.library.path" value="C:\Program Files\Amazon Corretto\jdk11.0.13_8\bin"/>
    <property name="sun.java.command" value="C:\Users\noval\AppData\Local\Temp\surefire3584829903326271715\surefirebooter4905573794070365852.jar C:\Users\noval\AppData\Local\Temp\surefire3584829903326271715 2022-04-02T01-43-52_662-jvmRun1 surefire14940881512746994167tmp surefire_015998692320177484496tmp"/>
    <property name="jdk.debug" value="release"/>
    <property name="surefire.test.class.path" value="D:\Coding\Sprint_3\target\test-classes;D:\Coding\Sprint_3\target\classes;C:\Users\noval\.m2\repository\io\rest-assured\rest-assured\4.5.0\rest-assured-4.5.0.jar;C:\Users\noval\.m2\repository\org\codehaus\groovy\groovy\3.0.9\groovy-3.0.9.jar;C:\Users\noval\.m2\repository\org\codehaus\groovy\groovy-xml\3.0.9\groovy-xml-3.0.9.jar;C:\Users\noval\.m2\repository\org\apache\httpcomponents\httpclient\4.5.13\httpclient-4.5.13.jar;C:\Users\noval\.m2\repository\org\apache\httpcomponents\httpcore\4.4.13\httpcore-4.4.13.jar;C:\Users\noval\.m2\repository\commons-logging\commons-logging\1.2\commons-logging-1.2.jar;C:\Users\noval\.m2\repository\commons-codec\commons-codec\1.11\commons-codec-1.11.jar;C:\Users\noval\.m2\repository\org\apache\httpcomponents\httpmime\4.5.13\httpmime-4.5.13.jar;C:\Users\noval\.m2\repository\org\hamcrest\hamcrest\2.1\hamcrest-2.1.jar;C:\Users\noval\.m2\repository\org\ccil\cowan\tagsoup\tagsoup\1.2.1\tagsoup-1.2.1.jar;C:\Users\noval\.m2\repository\io\rest-assured\json-path\4.5.0\json-path-4.5.0.jar;C:\Users\noval\.m2\repository\org\codehaus\groovy\groovy-json\3.0.9\groovy-json-3.0.9.jar;C:\Users\noval\.m2\repository\io\rest-assured\rest-assured-common\4.5.0\rest-assured-common-4.5.0.jar;C:\Users\noval\.m2\repository\io\rest-assured\xml-path\4.5.0\xml-path-4.5.0.jar;C:\Users\noval\.m2\repository\org\apache\commons\commons-lang3\3.11\commons-lang3-3.11.jar;C:\Users\noval\.m2\repository\junit\junit\4.13.2\junit-4.13.2.jar;C:\Users\noval\.m2\repository\org\hamcrest\hamcrest-core\1.3\hamcrest-core-1.3.jar;C:\Users\noval\.m2\repository\com\google\code\gson\gson\2.9.0\gson-2.9.0.jar;C:\Users\noval\.m2\repository\io\qameta\allure\allure-junit4\2.17.3\allure-junit4-2.17.3.jar;C:\Users\noval\.m2\repository\io\qameta\allure\allure-java-commons\2.17.3\allure-java-commons-2.17.3.jar;C:\Users\noval\.m2\repository\org\slf4j\slf4j-api\1.7.30\slf4j-api-1.7.30.jar;C:\Users\noval\.m2\repository\io\qameta\allure\allure-model\2.17.3\allure-model-2.17.3.jar;"/>
    <property name="sun.cpu.endian" value="little"/>
    <property name="user.home" value="C:\Users\noval"/>
    <property name="user.language" value="ru"/>
    <property name="java.specification.vendor" value="Oracle Corporation"/>
    <property name="java.version.date" value="2021-10-19"/>
    <property name="java.home" value="C:\Program Files\Amazon Corretto\jdk11.0.13_8"/>
    <property name="file.separator" value="\"/>
    <property name="basedir" value="D:\Coding\Sprint_3"/>
    <property name="java.vm.compressedOopsMode" value="Zero based"/>
    <property name="line.separator" value="&#10;"/>
    <property name="java.specification.name" value="Java Platform API Specification"/>
    <property name="java.vm.specification.vendor" value="Oracle Corporation"/>
    <property name="java.awt.graphicsenv" value="sun.awt.Win32GraphicsEnvironment"/>
    <property name="surefire.real.class.path" value="C:\Users\noval\AppData\Local\Temp\surefire3584829903326271715\surefirebooter4905573794070365852.jar"/>
    <property name="user.script" value=""/>
    <property name="sun.management.compiler" value="HotSpot 64-Bit Tiered Compilers"/>
    <property name="java.runtime.version" value="11.0.13+8-LTS"/>
    <property name="user.name" value="Zabnenkovs"/>
    <property name="path.separator" value=";"/>
    <property name="os.version" value="10.0"/>
    <property name="java.runtime.name" value="OpenJDK Runtime Environment"/>
    <property name="file.encoding" value="Cp1251"/>
    <property name="java.vm.name" value="OpenJDK 64-Bit Server VM"/>
    <property name="java.vendor.version" value="Corretto-11.0.13.8.1"/>
    <property name="localRepository" value="C:\Users\noval\.m2\repository"/>
    <property name="java.vendor.url.bug" value="https://github.com/corretto/corretto-11/issues/"/>
    <property name="java.io.tmpdir" value="C:\Users\noval\AppData\Local\Temp\"/>
    <property name="idea.version" value="2021.2.3"/>
    <property name="java.version" value="11.0.13"/>
    <property name="user.dir" value="D:\Coding\Sprint_3"/>
    <property name="os.arch" value="amd64"/>
    <property name="java.vm.specification.name" value="Java Virtual Machine Specification"/>
    <property name="java.awt.printerjob" value="sun.awt.windows.WPrinterJob"/>
    <property name="sun.os.patch.level" value=""/>
    <property name="java.library.path" value="C:\Program Files\Amazon Corretto\jdk11.0.13_8\bin;C:\WINDOWS\Sun\Java\bin;C:\WINDOWS\system32;C:\WINDOWS;C:\Program Files\Amazon Corretto\jdk11.0.13_8\bin;C:\Windows\system32;C:\Windows;C:\Windows\System32\Wbem;C:\Windows\System32\WindowsPowerShell\v1.0\;C:\Windows\System32\OpenSSH\;C:\Program Files\NVIDIA Corporation\NVIDIA NvDLISR;C:\Program Files (x86)\NVIDIA Corporation\PhysX\Common;C:\Program Files\Amazon Corretto\jdk11.0.13_8\bin;C:\Program Files\PuTTY\;%M2_HOME\bin;D:\Coding\WebDriver\bin;C:\Program Files\Git\cmd;C:\WINDOWS\system32;C:\WINDOWS;C:\WINDOWS\System32\Wbem;C:\WINDOWS\System32\WindowsPowerShell\v1.0\;C:\WINDOWS\System32\OpenSSH\;D:\Coding\allure-2.17.3\bin;C:\Users\noval\AppData\Local\Microsoft\WindowsApps;C:\Program Files\JetBrains\IntelliJ IDEA Community Edition 2021.1.2\bin;;C:\Program Files\Amazon Corretto\jdk11.0.13_8\bin;C:\apache-maven-3.8.4\bin;D:\Coding\WebDriver\bin;D:\Coding\allure-2.17.3\bin;;."/>
    <property name="java.vm.info" value="mixed mode"/>
    <property name="java.vendor" value="Amazon.com Inc."/>
    <property name="java.vm.version" value="11.0.13+8-LTS"/>
    <property name="sun.io.unicode.encoding" value="UnicodeLittle"/>
    <property name="java.class.version" value="55.0"/>
  </properties>
  <testcase name="checkCreateCourierWOFirstName" classname="APICourierTests" time="3.735">
    <failure message="1 expectation failed.&#10;JSON path message doesn&apos;t match.&#10;Expected: РќРµРґРѕСЃС‚Р°С‚РѕС‡РЅРѕ РґР°РЅРЅС‹С… РґР»СЏ СЃРѕР·РґР°РЅРёСЏ СѓС‡РµС‚РЅРѕР№ Р·Р°РїРёСЃРё&#10;  Actual: Недостаточно данных для создания учетной записи&#10;" type="java.lang.AssertionError">java.lang.AssertionError: 
1 expectation failed.
JSON path message doesn't match.
Expected: РќРµРґРѕСЃС‚Р°С‚РѕС‡РЅРѕ РґР°РЅРЅС‹С… РґР»СЏ СЃРѕР·РґР°РЅРёСЏ СѓС‡РµС‚РЅРѕР№ Р·Р°РїРёСЃРё
  Actual: Недостаточно данных для создания учетной записи

	at APICourierTests.checkCreateCourierWOFirstName(APICourierTests.java:47)
</failure>
    <system-err><![CDATA[SLF4J: Failed to load class "org.slf4j.impl.StaticLoggerBinder".
SLF4J: Defaulting to no-operation (NOP) logger implementation
SLF4J: See http://www.slf4j.org/codes.html#StaticLoggerBinder for further details.
]]></system-err>
  </testcase>
  <testcase name="loginCourierWrongDataTest" classname="APICourierTests" time="0.7">
    <failure message="1 expectation failed.&#10;JSON path message doesn&apos;t match.&#10;Expected: РќРµРґРѕСЃС‚Р°С‚РѕС‡РЅРѕ РґР°РЅРЅС‹С… РґР»СЏ РІС…РѕРґР°&#10;  Actual: Недостаточно данных для входа&#10;" type="java.lang.AssertionError">java.lang.AssertionError: 
1 expectation failed.
JSON path message doesn't match.
Expected: РќРµРґРѕСЃС‚Р°С‚РѕС‡РЅРѕ РґР°РЅРЅС‹С… РґР»СЏ РІС…РѕРґР°
  Actual: Недостаточно данных для входа

	at APICourierTests.loginCourierWrongDataTest(APICourierTests.java:77)
</failure>
  </testcase>
  <testcase name="checkCreateCourier" classname="APICourierTests" time="0.649">
    <failure message="1 expectation failed.&#10;Expected status code &lt;201&gt; but was &lt;409&gt;.&#10;" type="java.lang.AssertionError"><![CDATA[java.lang.AssertionError: 
1 expectation failed.
Expected status code <201> but was <409>.

	at APICourierTests.checkCreateCourier(APICourierTests.java:24)
]]></failure>
  </testcase>
  <testcase name="deleteCourierTest" classname="APICourierTests" time="0.628">
    <failure message="1 expectation failed.&#10;Expected status code &lt;200&gt; but was &lt;400&gt;.&#10;" type="java.lang.AssertionError"><![CDATA[java.lang.AssertionError: 
1 expectation failed.
Expected status code <200> but was <400>.

	at APICourierTests.deleteCourierTest(APICourierTests.java:98)
]]></failure>
  </testcase>
  <testcase name="loginCourierNotExistLoginTest" classname="APICourierTests" time="0.629">
    <failure message="1 expectation failed.&#10;JSON path message doesn&apos;t match.&#10;Expected: РЈС‡РµС‚РЅР°СЏ Р·Р°РїРёСЃСЊ РЅРµ РЅР°Р№РґРµРЅР°&#10;  Actual: Учетная запись не найдена&#10;" type="java.lang.AssertionError">java.lang.AssertionError: 
1 expectation failed.
JSON path message doesn't match.
Expected: РЈС‡РµС‚РЅР°СЏ Р·Р°РїРёСЃСЊ РЅРµ РЅР°Р№РґРµРЅР°
  Actual: Учетная запись не найдена

	at APICourierTests.loginCourierNotExistLoginTest(APICourierTests.java:88)
</failure>
  </testcase>
  <testcase name="loginCourierPositiveTest" classname="APICourierTests" time="0.613"/>
  <testcase name="checkCreateSameCourier" classname="APICourierTests" time="0.637">
    <failure message="1 expectation failed.&#10;JSON path message doesn&apos;t match.&#10;Expected: Р­С‚РѕС‚ Р»РѕРіРёРЅ СѓР¶Рµ РёСЃРїРѕР»СЊР·СѓРµС‚СЃСЏ. РџРѕРїСЂРѕР±СѓР№С‚Рµ РґСЂСѓРіРѕР№.&#10;  Actual: Этот логин уже используется. Попробуйте другой.&#10;" type="java.lang.AssertionError">java.lang.AssertionError: 
1 expectation failed.
JSON path message doesn't match.
Expected: Р­С‚РѕС‚ Р»РѕРіРёРЅ СѓР¶Рµ РёСЃРїРѕР»СЊР·СѓРµС‚СЃСЏ. РџРѕРїСЂРѕР±СѓР№С‚Рµ РґСЂСѓРіРѕР№.
  Actual: Этот логин уже используется. Попробуйте другой.

	at APICourierTests.checkCreateSameCourier(APICourierTests.java:36)
</failure>
  </testcase>
</testsuite>